<?xml version="1.0" encoding="UTF-8"?>
<!-- Generated by org.testng.reporters.JUnitXMLReporter -->
<testsuite ignored="0" hostname="Dhanraj" failures="0" tests="4" name="Test" time="55.267" errors="0" timestamp="2023-08-01T15:53:39 EDT">
  <testcase classname="testPackage.LoginTestCase" name="validloginMethod" time="0.536"/>
  <testcase classname="testPackage.LoginTestCase" name="inValidLoginMethod" time="10.094"/>
  <testcase classname="testPackage.UserTestCase" name="createUserMethod" time="10.032"/>
  <testcase classname="testPackage.TaskTestCase" name="project_customerMethod" time="5.928"/>
</testsuite> <!-- Test -->
