<?xml version="1.0" encoding="UTF-8"?>
<testng-results ignored="0" total="4" passed="4" failed="0" skipped="0">
  <reporter-output>
  </reporter-output>
  <suite started-at="2023-08-01T15:52:43 EDT" name="Suite" finished-at="2023-08-01T15:53:39 EDT" duration-ms="55267">
    <groups>
    </groups>
    <test started-at="2023-08-01T15:52:43 EDT" name="Test" finished-at="2023-08-01T15:53:39 EDT" duration-ms="55267">
      <class name="testPackage.LoginTestCase">
        <test-method is-config="true" signature="setUp()[pri:0, instance:testPackage.LoginTestCase@5824a83d]" started-at="2023-08-01T15:52:44 EDT" name="setUp" finished-at="2023-08-01T15:52:55 EDT" duration-ms="11434" status="PASS">
          <reporter-output>
          </reporter-output>
        </test-method> <!-- setUp -->
        <test-method signature="validloginMethod()[pri:0, instance:testPackage.LoginTestCase@5824a83d]" started-at="2023-08-01T15:52:55 EDT" name="validloginMethod" finished-at="2023-08-01T15:52:55 EDT" duration-ms="536" status="PASS">
          <reporter-output>
          </reporter-output>
        </test-method> <!-- validloginMethod -->
        <test-method is-config="true" signature="tearDown()[pri:0, instance:testPackage.LoginTestCase@5824a83d]" started-at="2023-08-01T15:52:55 EDT" name="tearDown" finished-at="2023-08-01T15:52:56 EDT" duration-ms="978" status="PASS">
          <reporter-output>
          </reporter-output>
        </test-method> <!-- tearDown -->
        <test-method is-config="true" signature="setUp()[pri:0, instance:testPackage.LoginTestCase@5824a83d]" started-at="2023-08-01T15:52:56 EDT" name="setUp" finished-at="2023-08-01T15:53:01 EDT" duration-ms="4793" status="PASS">
          <reporter-output>
          </reporter-output>
        </test-method> <!-- setUp -->
        <test-method signature="inValidLoginMethod()[pri:0, instance:testPackage.LoginTestCase@5824a83d]" started-at="2023-08-01T15:53:01 EDT" name="inValidLoginMethod" finished-at="2023-08-01T15:53:11 EDT" depends-on-methods="testPackage.LoginTestCase.validloginMethod" duration-ms="10094" status="PASS">
          <reporter-output>
          </reporter-output>
        </test-method> <!-- inValidLoginMethod -->
        <test-method is-config="true" signature="tearDown()[pri:0, instance:testPackage.LoginTestCase@5824a83d]" started-at="2023-08-01T15:53:11 EDT" name="tearDown" finished-at="2023-08-01T15:53:12 EDT" duration-ms="826" status="PASS">
          <reporter-output>
          </reporter-output>
        </test-method> <!-- tearDown -->
      </class> <!-- testPackage.LoginTestCase -->
      <class name="testPackage.UserTestCase">
        <test-method is-config="true" signature="setUp()[pri:0, instance:testPackage.UserTestCase@4b741d6d]" started-at="2023-08-01T15:53:12 EDT" name="setUp" finished-at="2023-08-01T15:53:17 EDT" duration-ms="4371" status="PASS">
          <reporter-output>
          </reporter-output>
        </test-method> <!-- setUp -->
        <test-method signature="createUserMethod()[pri:0, instance:testPackage.UserTestCase@4b741d6d]" started-at="2023-08-01T15:53:17 EDT" name="createUserMethod" finished-at="2023-08-01T15:53:27 EDT" duration-ms="10032" status="PASS">
          <reporter-output>
          </reporter-output>
        </test-method> <!-- createUserMethod -->
        <test-method is-config="true" signature="tearDown()[pri:0, instance:testPackage.UserTestCase@4b741d6d]" started-at="2023-08-01T15:53:27 EDT" name="tearDown" finished-at="2023-08-01T15:53:28 EDT" duration-ms="927" status="PASS">
          <reporter-output>
          </reporter-output>
        </test-method> <!-- tearDown -->
      </class> <!-- testPackage.UserTestCase -->
      <class name="testPackage.TaskTestCase">
        <test-method is-config="true" signature="setUp()[pri:0, instance:testPackage.TaskTestCase@2eae8e6e]" started-at="2023-08-01T15:53:28 EDT" name="setUp" finished-at="2023-08-01T15:53:32 EDT" duration-ms="4288" status="PASS">
          <reporter-output>
          </reporter-output>
        </test-method> <!-- setUp -->
        <test-method signature="project_customerMethod()[pri:0, instance:testPackage.TaskTestCase@2eae8e6e]" started-at="2023-08-01T15:53:32 EDT" name="project_customerMethod" finished-at="2023-08-01T15:53:38 EDT" duration-ms="5928" status="PASS">
          <reporter-output>
          </reporter-output>
        </test-method> <!-- project_customerMethod -->
        <test-method is-config="true" signature="tearDown()[pri:0, instance:testPackage.TaskTestCase@2eae8e6e]" started-at="2023-08-01T15:53:38 EDT" name="tearDown" finished-at="2023-08-01T15:53:39 EDT" duration-ms="964" status="PASS">
          <reporter-output>
          </reporter-output>
        </test-method> <!-- tearDown -->
      </class> <!-- testPackage.TaskTestCase -->
    </test> <!-- Test -->
  </suite> <!-- Suite -->
</testng-results>
