<?xml version="1.0" encoding="UTF-8"?>
<testng-results ignored="0" total="5" passed="5" failed="0" skipped="0">
  <reporter-output>
  </reporter-output>
  <suite started-at="2023-07-26T15:16:45 EDT" name="Default suite" finished-at="2023-07-26T15:17:21 EDT" duration-ms="35878">
    <groups>
    </groups>
    <test started-at="2023-07-26T15:16:45 EDT" name="Default test" finished-at="2023-07-26T15:17:21 EDT" duration-ms="35878">
      <class name="testNGExecution.actiTimeDataProvider">
        <test-method signature="invalidLoginMethod(java.lang.String,java.lang.String)[pri:0, instance:testNGExecution.actiTimeDataProvider@53045c6c]" started-at="2023-07-26T15:16:45 EDT" name="invalidLoginMethod" data-provider="actiTimeData" finished-at="2023-07-26T15:16:51 EDT" duration-ms="6007" status="PASS">
          <params>
            <param index="0">
              <value>
                <![CDATA[ad_main]]>
              </value>
            </param>
            <param index="1">
              <value>
                <![CDATA[mana_ger]]>
              </value>
            </param>
          </params>
          <reporter-output>
          </reporter-output>
        </test-method> <!-- invalidLoginMethod -->
        <test-method signature="invalidLoginMethod(java.lang.String,java.lang.String)[pri:0, instance:testNGExecution.actiTimeDataProvider@53045c6c]" started-at="2023-07-26T15:16:52 EDT" name="invalidLoginMethod" data-provider="actiTimeData" finished-at="2023-07-26T15:16:58 EDT" duration-ms="6048" status="PASS">
          <params>
            <param index="0">
              <value>
                <![CDATA[manager]]>
              </value>
            </param>
            <param index="1">
              <value>
                <![CDATA[admin]]>
              </value>
            </param>
          </params>
          <reporter-output>
          </reporter-output>
        </test-method> <!-- invalidLoginMethod -->
        <test-method signature="invalidLoginMethod(java.lang.String,java.lang.String)[pri:0, instance:testNGExecution.actiTimeDataProvider@53045c6c]" started-at="2023-07-26T15:16:58 EDT" name="invalidLoginMethod" data-provider="actiTimeData" finished-at="2023-07-26T15:17:08 EDT" duration-ms="10053" status="PASS">
          <params>
            <param index="0">
              <value>
                <![CDATA[@admin]]>
              </value>
            </param>
            <param index="1">
              <value>
                <![CDATA[@manager]]>
              </value>
            </param>
          </params>
          <reporter-output>
          </reporter-output>
        </test-method> <!-- invalidLoginMethod -->
        <test-method signature="invalidLoginMethod(java.lang.String,java.lang.String)[pri:0, instance:testNGExecution.actiTimeDataProvider@53045c6c]" started-at="2023-07-26T15:17:08 EDT" name="invalidLoginMethod" data-provider="actiTimeData" finished-at="2023-07-26T15:17:14 EDT" duration-ms="6617" status="PASS">
          <params>
            <param index="0">
              <value>
                <![CDATA[admin123]]>
              </value>
            </param>
            <param index="1">
              <value>
                <![CDATA[manager123]]>
              </value>
            </param>
          </params>
          <reporter-output>
          </reporter-output>
        </test-method> <!-- invalidLoginMethod -->
        <test-method signature="invalidLoginMethod(java.lang.String,java.lang.String)[pri:0, instance:testNGExecution.actiTimeDataProvider@53045c6c]" started-at="2023-07-26T15:17:14 EDT" name="invalidLoginMethod" data-provider="actiTimeData" finished-at="2023-07-26T15:17:21 EDT" duration-ms="7027" status="PASS">
          <params>
            <param index="0">
              <value>
                <![CDATA[123admin]]>
              </value>
            </param>
            <param index="1">
              <value>
                <![CDATA[123manager]]>
              </value>
            </param>
          </params>
          <reporter-output>
          </reporter-output>
        </test-method> <!-- invalidLoginMethod -->
      </class> <!-- testNGExecution.actiTimeDataProvider -->
    </test> <!-- Default test -->
  </suite> <!-- Default suite -->
</testng-results>
