<?xml version="1.0" encoding="UTF-8"?>
<!-- Generated by org.testng.reporters.JUnitXMLReporter -->
<testsuite ignored="0" hostname="Dhanraj" failures="0" tests="5" name="Default test" time="35.878" errors="0" timestamp="2023-07-26T15:17:21 EDT">
  <testcase classname="testNGExecution.actiTimeDataProvider" name="invalidLoginMethod" time="6.007"/>
  <testcase classname="testNGExecution.actiTimeDataProvider" name="invalidLoginMethod" time="6.048"/>
  <testcase classname="testNGExecution.actiTimeDataProvider" name="invalidLoginMethod" time="10.053"/>
  <testcase classname="testNGExecution.actiTimeDataProvider" name="invalidLoginMethod" time="6.617"/>
  <testcase classname="testNGExecution.actiTimeDataProvider" name="invalidLoginMethod" time="7.027"/>
</testsuite> <!-- Default test -->
