<?xml version="1.0" encoding="UTF-8"?>
<!-- Generated by org.testng.reporters.JUnitXMLReporter -->
<testsuite ignored="12" hostname="Dhanraj" failures="0" tests="6" name="Test" time="0.253" errors="0" timestamp="2023-07-22T15:42:46 EDT">
  <testcase classname="testNGExecution.Flag6" name="st1" time="0.019"/>
  <testcase classname="testNGExecution.Flag6" name="st2" time="0.005"/>
  <testcase classname="testNGExecution.Flag6" name="st3" time="0.011"/>
  <testcase classname="testNGExecution.Flag6" name="st4" time="0.013"/>
  <testcase classname="testNGExecution.Flag6" name="st5" time="0.015"/>
  <testcase classname="testNGExecution.Flag6" name="st6" time="0.004"/>
  <testcase classname="testNGExecution.Flag6" name="ft1" time="0.0">
    <ignored/>
  </testcase> <!-- ft1 -->
  <testcase classname="testNGExecution.Flag6" name="it2" time="0.0">
    <ignored/>
  </testcase> <!-- it2 -->
  <testcase classname="testNGExecution.Flag6" name="it1" time="0.0">
    <ignored/>
  </testcase> <!-- it1 -->
  <testcase classname="testNGExecution.Flag6" name="ft5" time="0.0">
    <ignored/>
  </testcase> <!-- ft5 -->
  <testcase classname="testNGExecution.Flag6" name="ft4" time="0.0">
    <ignored/>
  </testcase> <!-- ft4 -->
  <testcase classname="testNGExecution.Flag6" name="ft3" time="0.0">
    <ignored/>
  </testcase> <!-- ft3 -->
  <testcase classname="testNGExecution.Flag6" name="ft2" time="0.0">
    <ignored/>
  </testcase> <!-- ft2 -->
  <testcase classname="testNGExecution.Flag6" name="ft6" time="0.0">
    <ignored/>
  </testcase> <!-- ft6 -->
  <testcase classname="testNGExecution.Flag6" name="it4" time="0.0">
    <ignored/>
  </testcase> <!-- it4 -->
  <testcase classname="testNGExecution.Flag6" name="it3" time="0.0">
    <ignored/>
  </testcase> <!-- it3 -->
  <testcase classname="testNGExecution.Flag6" name="it6" time="0.0">
    <ignored/>
  </testcase> <!-- it6 -->
  <testcase classname="testNGExecution.Flag6" name="it5" time="0.0">
    <ignored/>
  </testcase> <!-- it5 -->
</testsuite> <!-- Test -->
